# JRE version: Java(TM) SE Runtime Environment (8.0_241-b07) (build 1.8.0_241-b07)
# Java VM: Java HotSpot(TM) 64-Bit Server VM (25.241-b07 mixed mode windows-amd64 compressed oops)
Heap:
 PSYoungGen      total 72192K, used 31723K [0x00000000eb500000, 0x00000000f4300000, 0x0000000100000000)
  eden space 65536K, 48% used [0x00000000eb500000,0x00000000ed3faf38,0x00000000ef500000)
  from space 6656K, 0% used [0x00000000ef500000,0x00000000ef500000,0x00000000efb80000)
  to   space 7168K, 0% used [0x00000000f3c00000,0x00000000f3c00000,0x00000000f4300000)
 ParOldGen       total 32768K, used 7603K [0x00000000c1e00000, 0x00000000c3e00000, 0x00000000eb500000)
  object space 32768K, 23% used [0x00000000c1e00000,0x00000000c256cd38,0x00000000c3e00000)
 Metaspace       used 22062K, capacity 22926K, committed 23088K, reserved 1069056K
  class space    used 2738K, capacity 2929K, committed 2944K, reserved 1048576K
GC Heap History (10 events):
Event: 4.076 GC heap before
{Heap before GC invocations=4 (full 0):
 PSYoungGen      total 18944K, used 18917K [0x00000000eb500000, 0x00000000eda00000, 0x0000000100000000)
  eden space 16384K, 100% used [0x00000000eb500000,0x00000000ec500000,0x00000000ec500000)
  from space 2560K, 98% used [0x00000000ec500000,0x00000000ec779468,0x00000000ec780000)
  to   space 2560K, 0% used [0x00000000ed780000,0x00000000ed780000,0x00000000eda00000)
 ParOldGen       total 44032K, used 2105K [0x00000000c1e00000, 0x00000000c4900000, 0x00000000eb500000)
  object space 44032K, 4% used [0x00000000c1e00000,0x00000000c200e678,0x00000000c4900000)
 Metaspace       used 13030K, capacity 13498K, committed 13568K, reserved 1060864K
  class space    used 1597K, capacity 1739K, committed 1792K, reserved 1048576K
Event: 4.085 GC heap after
Heap after GC invocations=4 (full 0):
 PSYoungGen      total 35328K, used 2542K [0x00000000eb500000, 0x00000000eda00000, 0x0000000100000000)
  eden space 32768K, 0% used [0x00000000eb500000,0x00000000eb500000,0x00000000ed500000)
  from space 2560K, 99% used [0x00000000ed780000,0x00000000ed9fbb70,0x00000000eda00000)
  to   space 2560K, 0% used [0x00000000ed500000,0x00000000ed500000,0x00000000ed780000)
 ParOldGen       total 44032K, used 3744K [0x00000000c1e00000, 0x00000000c4900000, 0x00000000eb500000)
  object space 44032K, 8% used [0x00000000c1e00000,0x00000000c21a81b0,0x00000000c4900000)
 Metaspace       used 13030K, capacity 13498K, committed 13568K, reserved 1060864K
  class space    used 1597K, capacity 1739K, committed 1792K, reserved 1048576K
}
Event: 4.665 GC heap before
{Heap before GC invocations=5 (full 0):
 PSYoungGen      total 35328K, used 35310K [0x00000000eb500000, 0x00000000eda00000, 0x0000000100000000)
  eden space 32768K, 100% used [0x00000000eb500000,0x00000000ed500000,0x00000000ed500000)
  from space 2560K, 99% used [0x00000000ed780000,0x00000000ed9fbb70,0x00000000eda00000)
  to   space 2560K, 0% used [0x00000000ed500000,0x00000000ed500000,0x00000000ed780000)
 ParOldGen       total 44032K, used 3744K [0x00000000c1e00000, 0x00000000c4900000, 0x00000000eb500000)
  object space 44032K, 8% used [0x00000000c1e00000,0x00000000c21a81b0,0x00000000c4900000)
 Metaspace       used 16559K, capacity 17090K, committed 17280K, reserved 1064960K
  class space    used 2018K, capacity 2159K, committed 2176K, reserved 1048576K
Event: 4.681 GC heap after
Heap after GC invocations=5 (full 0):
 PSYoungGen      total 35328K, used 2533K [0x00000000eb500000, 0x00000000f0200000, 0x0000000100000000)
  eden space 32768K, 0% used [0x00000000eb500000,0x00000000eb500000,0x00000000ed500000)
  from space 2560K, 98% used [0x00000000ed500000,0x00000000ed779468,0x00000000ed780000)
  to   space 6656K, 0% used [0x00000000efb80000,0x00000000efb80000,0x00000000f0200000)
 ParOldGen       total 44032K, used 7385K [0x00000000c1e00000, 0x00000000c4900000, 0x00000000eb500000)
  object space 44032K, 16% used [0x00000000c1e00000,0x00000000c25364b0,0x00000000c4900000)
 Metaspace       used 16559K, capacity 17090K, committed 17280K, reserved 1064960K
  class space    used 2018K, capacity 2159K, committed 2176K, reserved 1048576K
}
Event: 5.047 GC heap before
{Heap before GC invocations=6 (full 0):
 PSYoungGen      total 35328K, used 35266K [0x00000000eb500000, 0x00000000f0200000, 0x0000000100000000)
  eden space 32768K, 99% used [0x00000000eb500000,0x00000000ed4f7408,0x00000000ed500000)
  from space 2560K, 98% used [0x00000000ed500000,0x00000000ed779468,0x00000000ed780000)
  to   space 6656K, 0% used [0x00000000efb80000,0x00000000efb80000,0x00000000f0200000)
 ParOldGen       total 44032K, used 7385K [0x00000000c1e00000, 0x00000000c4900000, 0x00000000eb500000)
  object space 44032K, 16% used [0x00000000c1e00000,0x00000000c25364b0,0x00000000c4900000)
 Metaspace       used 18697K, capacity 19242K, committed 19456K, reserved 1067008K
  class space    used 2316K, capacity 2465K, committed 2560K, reserved 1048576K
Event: 5.063 GC heap after
Heap after GC invocations=6 (full 0):
 PSYoungGen      total 72192K, used 4840K [0x00000000eb500000, 0x00000000f0200000, 0x0000000100000000)
  eden space 65536K, 0% used [0x00000000eb500000,0x00000000eb500000,0x00000000ef500000)
  from space 6656K, 72% used [0x00000000efb80000,0x00000000f003a310,0x00000000f0200000)
  to   space 6656K, 0% used [0x00000000ef500000,0x00000000ef500000,0x00000000efb80000)
 ParOldGen       total 44032K, used 7393K [0x00000000c1e00000, 0x00000000c4900000, 0x00000000eb500000)
  object space 44032K, 16% used [0x00000000c1e00000,0x00000000c25384b0,0x00000000c4900000)
 Metaspace       used 18697K, capacity 19242K, committed 19456K, reserved 1067008K
  class space    used 2316K, capacity 2465K, committed 2560K, reserved 1048576K
}
Event: 6.795 GC heap before
{Heap before GC invocations=7 (full 0):
 PSYoungGen      total 72192K, used 64273K [0x00000000eb500000, 0x00000000f0200000, 0x0000000100000000)
  eden space 65536K, 90% used [0x00000000eb500000,0x00000000eef0a138,0x00000000ef500000)
  from space 6656K, 72% used [0x00000000efb80000,0x00000000f003a310,0x00000000f0200000)
  to   space 6656K, 0% used [0x00000000ef500000,0x00000000ef500000,0x00000000efb80000)
 ParOldGen       total 44032K, used 7393K [0x00000000c1e00000, 0x00000000c4900000, 0x00000000eb500000)
  object space 44032K, 16% used [0x00000000c1e00000,0x00000000c25384b0,0x00000000c4900000)
 Metaspace       used 20430K, capacity 21140K, committed 21296K, reserved 1069056K
  class space    used 2511K, capacity 2668K, committed 2688K, reserved 1048576K
Event: 6.809 GC heap after
Heap after GC invocations=7 (full 0):
 PSYoungGen      total 72192K, used 5437K [0x00000000eb500000, 0x00000000f4300000, 0x0000000100000000)
  eden space 65536K, 0% used [0x00000000eb500000,0x00000000eb500000,0x00000000ef500000)
  from space 6656K, 81% used [0x00000000ef500000,0x00000000efa4f5b8,0x00000000efb80000)
  to   space 7168K, 0% used [0x00000000f3c00000,0x00000000f3c00000,0x00000000f4300000)
 ParOldGen       total 44032K, used 8786K [0x00000000c1e00000, 0x00000000c4900000, 0x00000000eb500000)
  object space 44032K, 19% used [0x00000000c1e00000,0x00000000c2694ad0,0x00000000c4900000)
 Metaspace       used 20430K, capacity 21140K, committed 21296K, reserved 1069056K
  class space    used 2511K, capacity 2668K, committed 2688K, reserved 1048576K
}
Event: 6.809 GC heap before
{Heap before GC invocations=8 (full 1):
 PSYoungGen      total 72192K, used 5437K [0x00000000eb500000, 0x00000000f4300000, 0x0000000100000000)
  eden space 65536K, 0% used [0x00000000eb500000,0x00000000eb500000,0x00000000ef500000)
  from space 6656K, 81% used [0x00000000ef500000,0x00000000efa4f5b8,0x00000000efb80000)
  to   space 7168K, 0% used [0x00000000f3c00000,0x00000000f3c00000,0x00000000f4300000)
 ParOldGen       total 44032K, used 8786K [0x00000000c1e00000, 0x00000000c4900000, 0x00000000eb500000)
  object space 44032K, 19% used [0x00000000c1e00000,0x00000000c2694ad0,0x00000000c4900000)
 Metaspace       used 20430K, capacity 21140K, committed 21296K, reserved 1069056K
  class space    used 2511K, capacity 2668K, committed 2688K, reserved 1048576K
Event: 6.862 GC heap after
Heap after GC invocations=8 (full 1):
 PSYoungGen      total 72192K, used 0K [0x00000000eb500000, 0x00000000f4300000, 0x0000000100000000)
  eden space 65536K, 0% used [0x00000000eb500000,0x00000000eb500000,0x00000000ef500000)
  from space 6656K, 0% used [0x00000000ef500000,0x00000000ef500000,0x00000000efb80000)
  to   space 7168K, 0% used [0x00000000f3c00000,0x00000000f3c00000,0x00000000f4300000)
 ParOldGen       total 32768K, used 7603K [0x00000000c1e00000, 0x00000000c3e00000, 0x00000000eb500000)
  object space 32768K, 23% used [0x00000000c1e00000,0x00000000c256cd38,0x00000000c3e00000)
 Metaspace       used 20430K, capacity 21140K, committed 21296K, reserved 1069056K
  class space    used 2511K, capacity 2668K, committed 2688K, reserved 1048576K
}

