# JRE version: Java(TM) SE Runtime Environment (8.0_241-b07) (build 1.8.0_241-b07)
# Java VM: Java HotSpot(TM) 64-Bit Server VM (25.241-b07 mixed mode windows-amd64 compressed oops)
Heap:
 PSYoungGen      total 35328K, used 9650K [0x00000000eb500000, 0x00000000eda00000, 0x0000000100000000)
  eden space 32768K, 29% used [0x00000000eb500000,0x00000000ebe6c978,0x00000000ed500000)
  from space 2560K, 0% used [0x00000000ed780000,0x00000000ed780000,0x00000000eda00000)
  to   space 2560K, 0% used [0x00000000ed500000,0x00000000ed500000,0x00000000ed780000)
 ParOldGen       total 40448K, used 10226K [0x00000000c1e00000, 0x00000000c4580000, 0x00000000eb500000)
  object space 40448K, 25% used [0x00000000c1e00000,0x00000000c27fc828,0x00000000c4580000)
 Metaspace       used 20634K, capacity 21350K, committed 21680K, reserved 1069056K
  class space    used 2540K, capacity 2709K, committed 2816K, reserved 1048576K
GC Heap History (10 events):
Event: 3.507 GC heap before
{Heap before GC invocations=5 (full 0):
 PSYoungGen      total 35328K, used 35320K [0x00000000eb500000, 0x00000000eda00000, 0x0000000100000000)
  eden space 32768K, 100% used [0x00000000eb500000,0x00000000ed500000,0x00000000ed500000)
  from space 2560K, 99% used [0x00000000ed780000,0x00000000ed9fe1e0,0x00000000eda00000)
  to   space 2560K, 0% used [0x00000000ed500000,0x00000000ed500000,0x00000000ed780000)
 ParOldGen       total 44032K, used 3705K [0x00000000c1e00000, 0x00000000c4900000, 0x00000000eb500000)
  object space 44032K, 8% used [0x00000000c1e00000,0x00000000c219e488,0x00000000c4900000)
 Metaspace       used 16470K, capacity 16990K, committed 17280K, reserved 1064960K
  class space    used 2000K, capacity 2151K, committed 2176K, reserved 1048576K
Event: 3.519 GC heap after
Heap after GC invocations=5 (full 0):
 PSYoungGen      total 35328K, used 2551K [0x00000000eb500000, 0x00000000eda00000, 0x0000000100000000)
  eden space 32768K, 0% used [0x00000000eb500000,0x00000000eb500000,0x00000000ed500000)
  from space 2560K, 99% used [0x00000000ed500000,0x00000000ed77ddb8,0x00000000ed780000)
  to   space 2560K, 0% used [0x00000000ed780000,0x00000000ed780000,0x00000000eda00000)
 ParOldGen       total 44032K, used 7302K [0x00000000c1e00000, 0x00000000c4900000, 0x00000000eb500000)
  object space 44032K, 16% used [0x00000000c1e00000,0x00000000c2521870,0x00000000c4900000)
 Metaspace       used 16470K, capacity 16990K, committed 17280K, reserved 1064960K
  class space    used 2000K, capacity 2151K, committed 2176K, reserved 1048576K
}
Event: 4.080 GC heap before
{Heap before GC invocations=6 (full 0):
 PSYoungGen      total 35328K, used 35309K [0x00000000eb500000, 0x00000000eda00000, 0x0000000100000000)
  eden space 32768K, 99% used [0x00000000eb500000,0x00000000ed4fd6e0,0x00000000ed500000)
  from space 2560K, 99% used [0x00000000ed500000,0x00000000ed77ddb8,0x00000000ed780000)
  to   space 2560K, 0% used [0x00000000ed780000,0x00000000ed780000,0x00000000eda00000)
 ParOldGen       total 44032K, used 7302K [0x00000000c1e00000, 0x00000000c4900000, 0x00000000eb500000)
  object space 44032K, 16% used [0x00000000c1e00000,0x00000000c2521870,0x00000000c4900000)
 Metaspace       used 18695K, capacity 19234K, committed 19456K, reserved 1067008K
  class space    used 2315K, capacity 2465K, committed 2560K, reserved 1048576K
Event: 4.092 GC heap after
Heap after GC invocations=6 (full 0):
 PSYoungGen      total 35328K, used 2553K [0x00000000eb500000, 0x00000000eda00000, 0x0000000100000000)
  eden space 32768K, 0% used [0x00000000eb500000,0x00000000eb500000,0x00000000ed500000)
  from space 2560K, 99% used [0x00000000ed780000,0x00000000ed9fe610,0x00000000eda00000)
  to   space 2560K, 0% used [0x00000000ed500000,0x00000000ed500000,0x00000000ed780000)
 ParOldGen       total 44032K, used 9520K [0x00000000c1e00000, 0x00000000c4900000, 0x00000000eb500000)
  object space 44032K, 21% used [0x00000000c1e00000,0x00000000c274c320,0x00000000c4900000)
 Metaspace       used 18695K, capacity 19234K, committed 19456K, reserved 1067008K
  class space    used 2315K, capacity 2465K, committed 2560K, reserved 1048576K
}
Event: 4.638 GC heap before
{Heap before GC invocations=7 (full 0):
 PSYoungGen      total 35328K, used 35321K [0x00000000eb500000, 0x00000000eda00000, 0x0000000100000000)
  eden space 32768K, 100% used [0x00000000eb500000,0x00000000ed500000,0x00000000ed500000)
  from space 2560K, 99% used [0x00000000ed780000,0x00000000ed9fe610,0x00000000eda00000)
  to   space 2560K, 0% used [0x00000000ed500000,0x00000000ed500000,0x00000000ed780000)
 ParOldGen       total 44032K, used 9520K [0x00000000c1e00000, 0x00000000c4900000, 0x00000000eb500000)
  object space 44032K, 21% used [0x00000000c1e00000,0x00000000c274c320,0x00000000c4900000)
 Metaspace       used 19064K, capacity 19700K, committed 19968K, reserved 1067008K
  class space    used 2351K, capacity 2504K, committed 2560K, reserved 1048576K
Event: 4.647 GC heap after
Heap after GC invocations=7 (full 0):
 PSYoungGen      total 35328K, used 2285K [0x00000000eb500000, 0x00000000eda00000, 0x0000000100000000)
  eden space 32768K, 0% used [0x00000000eb500000,0x00000000eb500000,0x00000000ed500000)
  from space 2560K, 89% used [0x00000000ed500000,0x00000000ed73b770,0x00000000ed780000)
  to   space 2560K, 0% used [0x00000000ed780000,0x00000000ed780000,0x00000000eda00000)
 ParOldGen       total 44032K, used 10716K [0x00000000c1e00000, 0x00000000c4900000, 0x00000000eb500000)
  object space 44032K, 24% used [0x00000000c1e00000,0x00000000c2877268,0x00000000c4900000)
 Metaspace       used 19064K, capacity 19700K, committed 19968K, reserved 1067008K
  class space    used 2351K, capacity 2504K, committed 2560K, reserved 1048576K
}
Event: 5.680 GC heap before
{Heap before GC invocations=8 (full 0):
 PSYoungGen      total 35328K, used 29141K [0x00000000eb500000, 0x00000000eda00000, 0x0000000100000000)
  eden space 32768K, 81% used [0x00000000eb500000,0x00000000ecf39e80,0x00000000ed500000)
  from space 2560K, 89% used [0x00000000ed500000,0x00000000ed73b770,0x00000000ed780000)
  to   space 2560K, 0% used [0x00000000ed780000,0x00000000ed780000,0x00000000eda00000)
 ParOldGen       total 44032K, used 10716K [0x00000000c1e00000, 0x00000000c4900000, 0x00000000eb500000)
  object space 44032K, 24% used [0x00000000c1e00000,0x00000000c2877268,0x00000000c4900000)
 Metaspace       used 20474K, capacity 21212K, committed 21296K, reserved 1069056K
  class space    used 2511K, capacity 2668K, committed 2688K, reserved 1048576K
Event: 5.692 GC heap after
Heap after GC invocations=8 (full 0):
 PSYoungGen      total 35328K, used 2552K [0x00000000eb500000, 0x00000000eda00000, 0x0000000100000000)
  eden space 32768K, 0% used [0x00000000eb500000,0x00000000eb500000,0x00000000ed500000)
  from space 2560K, 99% used [0x00000000ed780000,0x00000000ed9fe318,0x00000000eda00000)
  to   space 2560K, 0% used [0x00000000ed500000,0x00000000ed500000,0x00000000ed780000)
 ParOldGen       total 44032K, used 12775K [0x00000000c1e00000, 0x00000000c4900000, 0x00000000eb500000)
  object space 44032K, 29% used [0x00000000c1e00000,0x00000000c2a79fe8,0x00000000c4900000)
 Metaspace       used 20474K, capacity 21212K, committed 21296K, reserved 1069056K
  class space    used 2511K, capacity 2668K, committed 2688K, reserved 1048576K
}
Event: 5.693 GC heap before
{Heap before GC invocations=9 (full 1):
 PSYoungGen      total 35328K, used 2552K [0x00000000eb500000, 0x00000000eda00000, 0x0000000100000000)
  eden space 32768K, 0% used [0x00000000eb500000,0x00000000eb500000,0x00000000ed500000)
  from space 2560K, 99% used [0x00000000ed780000,0x00000000ed9fe318,0x00000000eda00000)
  to   space 2560K, 0% used [0x00000000ed500000,0x00000000ed500000,0x00000000ed780000)
 ParOldGen       total 44032K, used 12775K [0x00000000c1e00000, 0x00000000c4900000, 0x00000000eb500000)
  object space 44032K, 29% used [0x00000000c1e00000,0x00000000c2a79fe8,0x00000000c4900000)
 Metaspace       used 20474K, capacity 21212K, committed 21296K, reserved 1069056K
  class space    used 2511K, capacity 2668K, committed 2688K, reserved 1048576K
Event: 5.821 GC heap after
Heap after GC invocations=9 (full 1):
 PSYoungGen      total 35328K, used 0K [0x00000000eb500000, 0x00000000eda00000, 0x0000000100000000)
  eden space 32768K, 0% used [0x00000000eb500000,0x00000000eb500000,0x00000000ed500000)
  from space 2560K, 0% used [0x00000000ed780000,0x00000000ed780000,0x00000000eda00000)
  to   space 2560K, 0% used [0x00000000ed500000,0x00000000ed500000,0x00000000ed780000)
 ParOldGen       total 40448K, used 10226K [0x00000000c1e00000, 0x00000000c4580000, 0x00000000eb500000)
  object space 40448K, 25% used [0x00000000c1e00000,0x00000000c27fc828,0x00000000c4580000)
 Metaspace       used 20474K, capacity 21212K, committed 21296K, reserved 1069056K
  class space    used 2511K, capacity 2668K, committed 2688K, reserved 1048576K
}

